<?xml version="1.0" encoding="UTF-8"?>
<!-- Generated by org.testng.reporters.JUnitReportReporter -->
<testsuite hostname="Siddharths-Mac.local" failures="0" tests="3" name="TestNG.dummyCode" time="0.006" errors="0" timestamp="2024-03-20T22:55:07 IST" skipped="0">
  <testcase classname="TestNG.dummyCode" name="_2" time="0.002"/>
  <system-out/>
  <testcase classname="TestNG.dummyCode" name="_1" time="0.001"/>
  <system-out/>
  <testcase classname="TestNG.dummyCode" name="_0" time="0.003"/>
  <system-out/>
</testsuite> <!-- TestNG.dummyCode -->
