<?xml version="1.0" encoding="UTF-8"?>
<!-- Generated by org.testng.reporters.JUnitReportReporter -->
<testsuite hostname="Siddharths-MacBook-Air.local" failures="0" tests="1" name="TestNG.Listners" time="0.001" errors="0" timestamp="2023-07-14T14:38:46 IST" skipped="0">
  <testcase classname="TestNG.Listners" name="abc" time="0.001"/>
  <system-out/>
</testsuite> <!-- TestNG.Listners -->
