<?xml version="1.0" encoding="UTF-8"?>
<!-- Generated by org.testng.reporters.JUnitReportReporter -->
<testsuite hostname="Siddharths-Mac.local" failures="0" tests="4" name="TestNG.TestNG_Tests" time="0.011" errors="0" timestamp="2024-03-20T22:34:14 IST" skipped="0">
  <testcase classname="TestNG.TestNG_Tests" name="lsetdriver" time="0.005"/>
  <system-out/>
  <testcase classname="TestNG.TestNG_Tests" name="site" time="0.003"/>
  <system-out/>
  <testcase classname="TestNG.TestNG_Tests" name="Verify_Title" time="0.001"/>
  <system-out/>
  <testcase classname="TestNG.TestNG_Tests" name="closedriver" time="0.002"/>
  <system-out/>
</testsuite> <!-- TestNG.TestNG_Tests -->
